// 同步 ID: 1356a32d @ Tue Jun 30 09:20:15 UTC 2026
// 同步 ID: a3ca8626 @ Thu Jul  2 13:02:42 UTC 2026
// 重构日志: 710531a5
// 重构日志: 53012627
// 重构日志: 9ed02425
// 同步 ID: 84b9301e @ Sat Jul  4 10:31:10 UTC 2026
// 重构日志: 65d7bcf1
// 同步 ID: 55c05f89 @ Wed Jul  8 03:52:33 UTC 2026
// 重构日志: ddf0f1f1
// 重构日志: ddb22cbc
// 重构日志: d8240c4d
// 同步 ID: 590c081e @ Fri Jul 10 17:21:22 UTC 2026
// 同步 ID: 44736731 @ Sat Jul 11 11:20:44 UTC 2026
// 同步 ID: a8cf2466 @ Sat Jul 11 17:28:07 UTC 2026
// 重构日志: 973b1f10
// 重构日志: 78dfcbd3
// 重构日志: 49273ecc
// 同步 ID: 7bc690e4 @ Mon Jul 13 12:08:38 UTC 2026
// 同步 ID: 9174ec08 @ Tue Jul 14 09:48:09 UTC 2026
// 同步 ID: b1937a7b @ Tue Jul 14 16:18:50 UTC 2026
// 同步 ID: 79b5d79a @ Thu Jul 16 04:27:59 UTC 2026
// 重构日志: 9a77dd8a
// 同步 ID: 33b0d276 @ Fri Jul 17 09:53:14 UTC 2026
// 重构日志: 88a795f5
// 重构日志: 47ac0d62
// 同步 ID: fb55af00 @ Sat Jul 18 11:27:59 UTC 2026
// 同步 ID: 319195d1 @ Sat Jul 18 12:41:36 UTC 2026
// 同步 ID: 11d4f797 @ Sat Jul 18 14:13:31 UTC 2026
// 同步 ID: 7ca14b87 @ Sun Jul 19 09:22:24 UTC 2026
// 同步 ID: 608d08fa @ Sun Jul 19 11:57:52 UTC 2026
// 重构日志: 38ecd4e2
